● falcon-sensor.service - CrowdStrike Falcon Sensor
     Loaded: loaded (/usr/lib/systemd/system/falcon-sensor.service; enabled; preset: enabled)
     Active: active (running) since Fri 2024-07-26 11:54:36 UTC; 25ms ago
    Process: 59238 ExecStartPre=/opt/CrowdStrike/falconctl -g --cid (code=exited, status=0/SUCCESS)
    Process: 59239 ExecStart=/opt/CrowdStrike/falcond (code=exited, status=0/SUCCESS)
   Main PID: 59241 (falcond)
      Tasks: 21 (limit: 4549)
     Memory: 4.7M (peak: 5.7M)
        CPU: 20ms
     CGroup: /system.slice/falcon-sensor.service
             ├─59241 /opt/CrowdStrike/falcond
             └─59242 falcon-sensor

Jul 26 11:54:36 ubuntu-server systemd[1]: Starting falcon-sensor.service - CrowdStrike Falcon Sensor...
Jul 26 11:54:36 ubuntu-server falconctl[59238]: cid="441023a549b648b39fda947fe5a34803".
Jul 26 11:54:36 ubuntu-server systemd[1]: falcon-sensor.service: Can't open PID file /run/falcond.pid (yet?) after start: No such file or directory
Jul 26 11:54:36 ubuntu-server falcond[59241]: starting
Jul 26 11:54:36 ubuntu-server falcond[59242]: Running /opt/CrowdStrike/falcon-sensor
Jul 26 11:54:36 ubuntu-server falcon-sensor[59242]: No traceLevel set via falconctl defaulting to none
Jul 26 11:54:36 ubuntu-server falcon-sensor[59242]: LogLevelUpdate: none = trace level 0.
Jul 26 11:54:36 ubuntu-server systemd[1]: Started falcon-sensor.service - CrowdStrike Falcon Sensor.
